<?xml version="1.0" encoding="UTF-8" ?>
<testsuite errors="0" failures="0" hostname="DES-28" name="racetrack.UserControllerTests" tests="3" time="0.372" timestamp="2011-09-23T18:26:57">
  <properties />
  <testcase classname="racetrack.UserControllerTests" name="testIndex" time="0.058" />
  <testcase classname="racetrack.UserControllerTests" name="testShow" time="0.259" />
  <testcase classname="racetrack.UserControllerTests" name="testAuthenticate" time="0.051" />
  <system-out><![CDATA[--Output from testIndex--
--Output from testShow--
--Output from testAuthenticate--
]]></system-out>
  <system-err><![CDATA[--Output from testIndex--
--Output from testShow--
--Output from testAuthenticate--
]]></system-err>
</testsuite>
