<?xml version="1.0" encoding="UTF-8" ?>
<testsuite errors="0" failures="0" hostname="DES-28" name="racetrack.FooterTagLibTests" tests="1" time="0.459" timestamp="2011-09-23T18:26:56">
  <properties />
  <testcase classname="racetrack.FooterTagLibTests" name="testSomething" time="0.449" />
  <system-out><![CDATA[--Output from testSomething--
]]></system-out>
  <system-err><![CDATA[--Output from testSomething--
]]></system-err>
</testsuite>
