<?xml version="1.0" encoding="UTF-8" ?>
<testsuite errors="0" failures="0" hostname="DES-28" name="racetrack.RegistrationControllerTests" tests="1" time="0.01" timestamp="2011-09-22T20:53:50">
  <properties />
  <testcase classname="racetrack.RegistrationControllerTests" name="testSomething" time="0.0090" />
  <system-out><![CDATA[--Output from testSomething--
]]></system-out>
  <system-err><![CDATA[--Output from testSomething--
]]></system-err>
</testsuite>
