<?xml version="1.0" encoding="UTF-8" ?>
<testsuite errors="0" failures="0" hostname="DES-28" name="racetrack.UserTests" tests="2" time="0.156" timestamp="2011-09-23T18:26:57">
  <properties />
  <testcase classname="racetrack.UserTests" name="testSimpleConstraints" time="0.135" />
  <testcase classname="racetrack.UserTests" name="testUniqueConstraint" time="0.019" />
  <system-out><![CDATA[--Output from testSimpleConstraints--
--Output from testUniqueConstraint--
]]></system-out>
  <system-err><![CDATA[--Output from testSimpleConstraints--
--Output from testUniqueConstraint--
]]></system-err>
</testsuite>
